# JRE version: Java(TM) SE Runtime Environment (8.0_111-b14) (build 1.8.0_111-b14)
# Java VM: Java HotSpot(TM) Client VM (25.111-b14 mixed mode windows-x86 )
Heap:
 def new generation   total 39424K, used 18430K [0x05600000, 0x080c0000, 0x100a0000)
  eden space 35072K,  52% used [0x05600000, 0x067e3bc8, 0x07840000)
  from space 4352K,   2% used [0x07c80000, 0x07c9be50, 0x080c0000)
  to   space 4352K,   0% used [0x07840000, 0x07840000, 0x07c80000)
 tenured generation   total 87424K, used 41473K [0x100a0000, 0x15600000, 0x25600000)
   the space 87424K,  47% used [0x100a0000, 0x12920708, 0x12920800, 0x15600000)
 Metaspace       used 18883K, capacity 19343K, committed 19456K, reserved 19840K
GC Heap History (10 events):
Event: 125650.933 GC heap before
{Heap before GC invocations=98 (full 1):
 def new generation   total 39424K, used 35167K [0x05600000, 0x080c0000, 0x100a0000)
  eden space 35072K, 100% used [0x05600000, 0x07840000, 0x07840000)
  from space 4352K,   2% used [0x07840000, 0x07857e30, 0x07c80000)
  to   space 4352K,   0% used [0x07c80000, 0x07c80000, 0x080c0000)
 tenured generation   total 87424K, used 41473K [0x100a0000, 0x15600000, 0x25600000)
   the space 87424K,  47% used [0x100a0000, 0x12920470, 0x12920600, 0x15600000)
 Metaspace       used 18882K, capacity 19343K, committed 19456K, reserved 19840K
Event: 125650.938 GC heap after
Heap after GC invocations=99 (full 1):
 def new generation   total 39424K, used 102K [0x05600000, 0x080c0000, 0x100a0000)
  eden space 35072K,   0% used [0x05600000, 0x05600000, 0x07840000)
  from space 4352K,   2% used [0x07c80000, 0x07c99b38, 0x080c0000)
  to   space 4352K,   0% used [0x07840000, 0x07840000, 0x07c80000)
 tenured generation   total 87424K, used 41473K [0x100a0000, 0x15600000, 0x25600000)
   the space 87424K,  47% used [0x100a0000, 0x12920470, 0x12920600, 0x15600000)
 Metaspace       used 18882K, capacity 19343K, committed 19456K, reserved 19840K
}
Event: 126842.513 GC heap before
{Heap before GC invocations=99 (full 1):
 def new generation   total 39424K, used 35174K [0x05600000, 0x080c0000, 0x100a0000)
  eden space 35072K, 100% used [0x05600000, 0x07840000, 0x07840000)
  from space 4352K,   2% used [0x07c80000, 0x07c99b38, 0x080c0000)
  to   space 4352K,   0% used [0x07840000, 0x07840000, 0x07c80000)
 tenured generation   total 87424K, used 41473K [0x100a0000, 0x15600000, 0x25600000)
   the space 87424K,  47% used [0x100a0000, 0x12920470, 0x12920600, 0x15600000)
 Metaspace       used 18882K, capacity 19343K, committed 19456K, reserved 19840K
Event: 126842.519 GC heap after
Heap after GC invocations=100 (full 1):
 def new generation   total 39424K, used 122K [0x05600000, 0x080c0000, 0x100a0000)
  eden space 35072K,   0% used [0x05600000, 0x05600000, 0x07840000)
  from space 4352K,   2% used [0x07840000, 0x0785eb58, 0x07c80000)
  to   space 4352K,   0% used [0x07c80000, 0x07c80000, 0x080c0000)
 tenured generation   total 87424K, used 41473K [0x100a0000, 0x15600000, 0x25600000)
   the space 87424K,  47% used [0x100a0000, 0x12920470, 0x12920600, 0x15600000)
 Metaspace       used 18882K, capacity 19343K, committed 19456K, reserved 19840K
}
Event: 127496.726 GC heap before
{Heap before GC invocations=100 (full 1):
 def new generation   total 39424K, used 35194K [0x05600000, 0x080c0000, 0x100a0000)
  eden space 35072K, 100% used [0x05600000, 0x07840000, 0x07840000)
  from space 4352K,   2% used [0x07840000, 0x0785eb58, 0x07c80000)
  to   space 4352K,   0% used [0x07c80000, 0x07c80000, 0x080c0000)
 tenured generation   total 87424K, used 41473K [0x100a0000, 0x15600000, 0x25600000)
   the space 87424K,  47% used [0x100a0000, 0x12920470, 0x12920600, 0x15600000)
 Metaspace       used 18882K, capacity 19343K, committed 19456K, reserved 19840K
Event: 127496.728 GC heap after
Heap after GC invocations=101 (full 1):
 def new generation   total 39424K, used 123K [0x05600000, 0x080c0000, 0x100a0000)
  eden space 35072K,   0% used [0x05600000, 0x05600000, 0x07840000)
  from space 4352K,   2% used [0x07c80000, 0x07c9ed08, 0x080c0000)
  to   space 4352K,   0% used [0x07840000, 0x07840000, 0x07c80000)
 tenured generation   total 87424K, used 41473K [0x100a0000, 0x15600000, 0x25600000)
   the space 87424K,  47% used [0x100a0000, 0x12920470, 0x12920600, 0x15600000)
 Metaspace       used 18882K, capacity 19343K, committed 19456K, reserved 19840K
}
Event: 128103.941 GC heap before
{Heap before GC invocations=101 (full 1):
 def new generation   total 39424K, used 35195K [0x05600000, 0x080c0000, 0x100a0000)
  eden space 35072K, 100% used [0x05600000, 0x07840000, 0x07840000)
  from space 4352K,   2% used [0x07c80000, 0x07c9ed08, 0x080c0000)
  to   space 4352K,   0% used [0x07840000, 0x07840000, 0x07c80000)
 tenured generation   total 87424K, used 41473K [0x100a0000, 0x15600000, 0x25600000)
   the space 87424K,  47% used [0x100a0000, 0x12920470, 0x12920600, 0x15600000)
 Metaspace       used 18882K, capacity 19343K, committed 19456K, reserved 19840K
Event: 128103.943 GC heap after
Heap after GC invocations=102 (full 1):
 def new generation   total 39424K, used 124K [0x05600000, 0x080c0000, 0x100a0000)
  eden space 35072K,   0% used [0x05600000, 0x05600000, 0x07840000)
  from space 4352K,   2% used [0x07840000, 0x0785f1c8, 0x07c80000)
  to   space 4352K,   0% used [0x07c80000, 0x07c80000, 0x080c0000)
 tenured generation   total 87424K, used 41473K [0x100a0000, 0x15600000, 0x25600000)
   the space 87424K,  47% used [0x100a0000, 0x129206d8, 0x12920800, 0x15600000)
 Metaspace       used 18882K, capacity 19343K, committed 19456K, reserved 19840K
}
Event: 128508.318 GC heap before
{Heap before GC invocations=102 (full 1):
 def new generation   total 39424K, used 35196K [0x05600000, 0x080c0000, 0x100a0000)
  eden space 35072K, 100% used [0x05600000, 0x07840000, 0x07840000)
  from space 4352K,   2% used [0x07840000, 0x0785f1c8, 0x07c80000)
  to   space 4352K,   0% used [0x07c80000, 0x07c80000, 0x080c0000)
 tenured generation   total 87424K, used 41473K [0x100a0000, 0x15600000, 0x25600000)
   the space 87424K,  47% used [0x100a0000, 0x129206d8, 0x12920800, 0x15600000)
 Metaspace       used 18882K, capacity 19343K, committed 19456K, reserved 19840K
Event: 128508.321 GC heap after
Heap after GC invocations=103 (full 1):
 def new generation   total 39424K, used 111K [0x05600000, 0x080c0000, 0x100a0000)
  eden space 35072K,   0% used [0x05600000, 0x05600000, 0x07840000)
  from space 4352K,   2% used [0x07c80000, 0x07c9be50, 0x080c0000)
  to   space 4352K,   0% used [0x07840000, 0x07840000, 0x07c80000)
 tenured generation   total 87424K, used 41473K [0x100a0000, 0x15600000, 0x25600000)
   the space 87424K,  47% used [0x100a0000, 0x12920708, 0x12920800, 0x15600000)
 Metaspace       used 18882K, capacity 19343K, committed 19456K, reserved 19840K
}

